<?xml version="1.0" encoding="UTF-8"?>
<!-- Generated by org.testng.reporters.JUnitXMLReporter -->
<testsuite ignored="0" hostname="LAPTOP-HNISKABK" failures="0" tests="4" name="Default test" time="4.842" errors="0" timestamp="10 Jul 2021 08:01:21 GMT">
  <testcase classname="com.qa.flipcart.test.LoginPageTest" name="DoLoginTest" time="0.203"/>
  <testcase classname="com.qa.flipcart.test.LoginPageTest" name="verifyFlipcartLogoIsExistTest" time="0.048"/>
  <testcase classname="com.qa.flipcart.test.LoginPageTest" name="verifyForgotLinkExistTest" time="0.031"/>
  <testcase classname="com.qa.flipcart.test.LoginPageTest" name="verifyLoginPageTitleTest" time="0.007"/>
</testsuite> <!-- Default test -->
