<?xml version="1.0" encoding="UTF-8"?>
<!-- Generated by org.testng.reporters.JUnitXMLReporter -->
<testsuite ignored="0" hostname="LAPTOP-HNISKABK" failures="0" tests="4" name="FlipCartLoginPage Test" time="8.744" errors="0" timestamp="10 Jul 2021 08:05:13 GMT">
  <testcase classname="com.qa.flipcart.test.LoginPageTest" name="DoLoginTest" time="0.182"/>
  <testcase classname="com.qa.flipcart.test.LoginPageTest" name="verifyFlipcartLogoIsExistTest" time="0.044"/>
  <testcase classname="com.qa.flipcart.test.LoginPageTest" name="verifyForgotLinkExistTest" time="0.032"/>
  <testcase classname="com.qa.flipcart.test.LoginPageTest" name="verifyLoginPageTitleTest" time="0.006"/>
</testsuite> <!-- FlipCartLoginPage Test -->
